{
"contracts/MyContracts.sol":{"l":{"10":6,"14":1,"18":2},"path":"/Users/anousonefs/Desktop/solidity-project/contracts/MyContracts.sol","s":{"1":6,"2":1,"3":2},"b":{},"f":{"1":6,"2":1,"3":2},"fnMap":{"1":{"name":"constructor","line":9,"loc":{"start":{"line":9,"column":4},"end":{"line":11,"column":4}}},"2":{"name":"changeName","line":13,"loc":{"start":{"line":13,"column":4},"end":{"line":15,"column":4}}},"3":{"name":"getName","line":17,"loc":{"start":{"line":17,"column":4},"end":{"line":19,"column":4}}}},"statementMap":{"1":{"start":{"line":10,"column":8},"end":{"line":10,"column":19}},"2":{"start":{"line":14,"column":8},"end":{"line":14,"column":20}},"3":{"start":{"line":18,"column":8},"end":{"line":18,"column":19}}},"branchMap":{}}}
